Determining if the Q_WS_WIN exist failed with the following output:
Change Dir: /home/mhcrnl/2018Q1/KDE/kdeapp/build/CMakeFiles/CMakeTmp

Run Build Command:"/usr/bin/ninja-build" "cmTC_aef14"
[1/2] Building CXX object CMakeFiles/cmTC_aef14.dir/CheckSymbolExists.cxx.o
FAILED: CMakeFiles/cmTC_aef14.dir/CheckSymbolExists.cxx.o 
/usr/lib64/ccache/c++     -o CMakeFiles/cmTC_aef14.dir/CheckSymbolExists.cxx.o -c CheckSymbolExists.cxx
CheckSymbolExists.cxx: In function ‘int main(int, char**)’:
CheckSymbolExists.cxx:8:19: error: ‘Q_WS_WIN’ was not declared in this scope
   return ((int*)(&Q_WS_WIN))[argc];
                   ^~~~~~~~
ninja: build stopped: subcommand failed.

File /home/mhcrnl/2018Q1/KDE/kdeapp/build/CMakeFiles/CMakeTmp/CheckSymbolExists.cxx:
/* */
#include <QtCore/qglobal.h>

int main(int argc, char** argv)
{
  (void)argv;
#ifndef Q_WS_WIN
  return ((int*)(&Q_WS_WIN))[argc];
#else
  (void)argc;
  return 0;
#endif
}

Determining if the Q_WS_QWS exist failed with the following output:
Change Dir: /home/mhcrnl/2018Q1/KDE/kdeapp/build/CMakeFiles/CMakeTmp

Run Build Command:"/usr/bin/ninja-build" "cmTC_390ce"
[1/2] Building CXX object CMakeFiles/cmTC_390ce.dir/CheckSymbolExists.cxx.o
FAILED: CMakeFiles/cmTC_390ce.dir/CheckSymbolExists.cxx.o 
/usr/lib64/ccache/c++     -o CMakeFiles/cmTC_390ce.dir/CheckSymbolExists.cxx.o -c CheckSymbolExists.cxx
CheckSymbolExists.cxx: In function ‘int main(int, char**)’:
CheckSymbolExists.cxx:8:19: error: ‘Q_WS_QWS’ was not declared in this scope
   return ((int*)(&Q_WS_QWS))[argc];
                   ^~~~~~~~
ninja: build stopped: subcommand failed.

File /home/mhcrnl/2018Q1/KDE/kdeapp/build/CMakeFiles/CMakeTmp/CheckSymbolExists.cxx:
/* */
#include <QtCore/qglobal.h>

int main(int argc, char** argv)
{
  (void)argv;
#ifndef Q_WS_QWS
  return ((int*)(&Q_WS_QWS))[argc];
#else
  (void)argc;
  return 0;
#endif
}

Determining if the Q_WS_MAC exist failed with the following output:
Change Dir: /home/mhcrnl/2018Q1/KDE/kdeapp/build/CMakeFiles/CMakeTmp

Run Build Command:"/usr/bin/ninja-build" "cmTC_5fd7d"
[1/2] Building CXX object CMakeFiles/cmTC_5fd7d.dir/CheckSymbolExists.cxx.o
FAILED: CMakeFiles/cmTC_5fd7d.dir/CheckSymbolExists.cxx.o 
/usr/lib64/ccache/c++     -o CMakeFiles/cmTC_5fd7d.dir/CheckSymbolExists.cxx.o -c CheckSymbolExists.cxx
CheckSymbolExists.cxx: In function ‘int main(int, char**)’:
CheckSymbolExists.cxx:8:19: error: ‘Q_WS_MAC’ was not declared in this scope
   return ((int*)(&Q_WS_MAC))[argc];
                   ^~~~~~~~
ninja: build stopped: subcommand failed.

File /home/mhcrnl/2018Q1/KDE/kdeapp/build/CMakeFiles/CMakeTmp/CheckSymbolExists.cxx:
/* */
#include <QtCore/qglobal.h>

int main(int argc, char** argv)
{
  (void)argv;
#ifndef Q_WS_MAC
  return ((int*)(&Q_WS_MAC))[argc];
#else
  (void)argc;
  return 0;
#endif
}

